<?xml version="1.0" encoding="UTF-8"?>
<!-- Generated by org.testng.reporters.JUnitReportReporter -->
<testsuite hostname="DESKTOP-RTM7CBO" name="com.maven.test.NewTest" tests="1" failures="0" timestamp="7 Dec 2017 20:39:41 GMT" time="0.007" errors="0">
  <testcase name="f1" time="0.007" classname="com.maven.test.NewTest"/>
</testsuite> <!-- com.maven.test.NewTest -->
