<?xml version="1.0" encoding="UTF-8"?>
<!-- Generated by org.testng.reporters.JUnitReportReporter -->
<testsuite hostname="DESKTOP-RTM7CBO" name="com.maven.test.NewTest2" tests="1" failures="0" timestamp="7 Dec 2017 20:39:41 GMT" time="0.017" errors="0">
  <testcase name="f2" time="0.017" classname="com.maven.test.NewTest2"/>
</testsuite> <!-- com.maven.test.NewTest2 -->
